<?xml version="1.0" encoding="UTF-8"?>
<!-- Generated by org.testng.reporters.JUnitXMLReporter -->
<testsuite ignored="0" hostname="LAPTOP-F0FTMUEP" failures="0" tests="3" name="Default test" time="13.406" errors="0" timestamp="2025-06-04T18:25:30 IST">
  <testcase classname="com.app.testng.DataProvide" name="loginvalidate" time="4.851"/>
  <testcase classname="com.app.testng.DataProvide" name="loginvalidate" time="3.302"/>
  <testcase classname="com.app.testng.DataProvide" name="loginvalidate" time="5.179"/>
</testsuite> <!-- Default test -->
