<?xml version="1.0" encoding="UTF-8"?>
<testng-results ignored="0" total="3" passed="3" failed="0" skipped="0">
  <reporter-output>
  </reporter-output>
  <suite started-at="2025-06-04T18:25:17 IST" name="Default suite" finished-at="2025-06-04T18:25:30 IST" duration-ms="13406">
    <groups>
    </groups>
    <test started-at="2025-06-04T18:25:17 IST" name="Default test" finished-at="2025-06-04T18:25:30 IST" duration-ms="13406">
      <class name="com.app.testng.DataProvide">
        <test-method signature="loginvalidate(java.lang.String,java.lang.String)[pri:0, instance:com.app.testng.DataProvide@49438269]" started-at="2025-06-04T18:25:17 IST" name="loginvalidate" data-provider="credential" finished-at="2025-06-04T18:25:22 IST" duration-ms="4851" status="PASS">
          <params>
            <param index="0">
              <value>
                <![CDATA[lavanya@gmail.com]]>
              </value>
            </param>
            <param index="1">
              <value>
                <![CDATA[lavanya123]]>
              </value>
            </param>
          </params>
          <reporter-output>
          </reporter-output>
        </test-method> <!-- loginvalidate -->
        <test-method signature="loginvalidate(java.lang.String,java.lang.String)[pri:0, instance:com.app.testng.DataProvide@49438269]" started-at="2025-06-04T18:25:22 IST" name="loginvalidate" data-provider="credential" finished-at="2025-06-04T18:25:25 IST" duration-ms="3302" status="PASS">
          <params>
            <param index="0">
              <value>
                <![CDATA[evanglin@gmail.com]]>
              </value>
            </param>
            <param index="1">
              <value>
                <![CDATA[evanglin123]]>
              </value>
            </param>
          </params>
          <reporter-output>
          </reporter-output>
        </test-method> <!-- loginvalidate -->
        <test-method signature="loginvalidate(java.lang.String,java.lang.String)[pri:0, instance:com.app.testng.DataProvide@49438269]" started-at="2025-06-04T18:25:25 IST" name="loginvalidate" data-provider="credential" finished-at="2025-06-04T18:25:30 IST" duration-ms="5179" status="PASS">
          <params>
            <param index="0">
              <value>
                <![CDATA[bharathi@gmail.com]]>
              </value>
            </param>
            <param index="1">
              <value>
                <![CDATA[bharathi123]]>
              </value>
            </param>
          </params>
          <reporter-output>
          </reporter-output>
        </test-method> <!-- loginvalidate -->
      </class> <!-- com.app.testng.DataProvide -->
    </test> <!-- Default test -->
  </suite> <!-- Default suite -->
</testng-results>
